18:42:46.573 [JavaFX Application Thread] DEBUG GameApplication      - Logger initialized
18:42:46.580 [JavaFX Application Thread] DEBUG MainWindow           - Creating a JavaFX scene
18:42:46.679 [JavaFX Application Thread] DEBUG MainWindow           - Target settings size: 800.0 x 600.0
18:42:46.679 [JavaFX Application Thread] DEBUG MainWindow           - Scaled scene size:    800.0 x 600.0
18:42:46.679 [JavaFX Application Thread] DEBUG MainWindow           - Scaled ratio: (1.0, 1.0)
18:42:47.134 [JavaFX Application Thread] DEBUG GameApplication      - Starting FXGL
18:42:47.190 [FXGL Launcher Thread     ] INFO  Version              - FXGL-0.4.3
18:42:47.190 [FXGL Launcher Thread     ] INFO  Version              - Source code and latest versions at: https://github.com/AlmasB/FXGL
18:42:47.191 [FXGL Launcher Thread     ] INFO  Version              -              Join the FXGL chat at: https://gitter.im/AlmasB/FXGL
18:42:47.192 [FXGL Launcher Thread     ] DEBUG FXGL                 - Loading default FXGL system data
18:42:47.266 [JavaFX Application Thread] DEBUG UpdaterTask          - Checking for updates
18:42:47.343 [JavaFX Application Thread] DEBUG IOTask               - Showing dialog
18:42:47.344 [FXGL Background Thread 1 ] DEBUG IOTask               - Executing task: openStream(https://raw.githubusercontent.com/AlmasB/FXGL/master/pom.xml)
18:42:47.344 [FXGL Background Thread 1 ] DEBUG IOTask               - Executing task: openStream(https://raw.githubusercontent.com/AlmasB/FXGL/master/pom.xml)
18:42:47.980 [FXGL Background Thread 1 ] DEBUG IOTask               - Executing task: latestVersion
18:42:47.993 [JavaFX Application Thread] DEBUG IOTask               - succeed(): Dismissing dialog
18:42:47.994 [JavaFX Application Thread] DEBUG IOTask               - Task succeeded: openStream(https://raw.githubusercontent.com/AlmasB/FXGL/master/pom.xml)
18:42:48.028 [FXGL Launcher Thread     ] DEBUG GameApplication      - FXGL started
18:42:48.028 [FXGL Launcher Thread     ] DEBUG GameApplication      - Logging game settings
Title: Untitled
Version: 0.0
Width: 800
Height: 600
Fullscreen: false
Intro: false
Menus: false
Profiling: false
Single step:false
App Mode: DEVELOPER
Menu Key: ESCAPE
Stage Style: DECORATED
Scene Factory: class com.almasb.fxgl.scene.SceneFactory
Dialog Factory: class com.almasb.fxgl.ui.FXGLDialogFactory
UI Factory: class com.almasb.fxgl.ui.FXGLUIFactory
Notification Service: class com.almasb.fxgl.gameplay.notification.XboxNotificationView
Exception Handler: class com.almasb.fxgl.app.FXGLExceptionHandler
18:42:48.029 [FXGL Launcher Thread     ] DEBUG GameApplication      - Configuring GameApplication
18:42:48.029 [FXGL Launcher Thread     ] DEBUG GameApplication      - Initializing state machine and application states
18:42:48.073 [FXGL Launcher Thread     ] DEBUG AssetLoader          - Loading from disk: /assets/ui/cursors/fxgl_default.png
18:42:48.089 [FXGL Launcher Thread     ] DEBUG AssetLoader          - Loading from disk: /assets/ui/cursors/fxgl_default.png
18:42:48.092 [FXGL Launcher Thread     ] DEBUG AssetLoader          - Loading from disk: /assets/ui/cursors/fxgl_default.png
18:42:48.098 [FXGL Launcher Thread     ] DEBUG AssetLoader          - Loading from disk: /assets/sounds/core/notification.wav
18:42:48.149 [FXGL Launcher Thread     ] DEBUG AssetLoader          - Loading from disk: /assets/sounds/menu/select.wav
18:42:48.151 [FXGL Launcher Thread     ] DEBUG AssetLoader          - Loading from disk: /assets/sounds/menu/back.wav
18:42:48.153 [FXGL Launcher Thread     ] DEBUG AssetLoader          - Loading from disk: /assets/sounds/menu/press.wav
18:42:48.154 [FXGL Launcher Thread     ] DEBUG AssetLoader          - Loading from disk: /assets/ui/fonts/VarelaRound-Regular.ttf
18:42:48.162 [FXGL Launcher Thread     ] DEBUG AssetLoader          - Loading from disk: /assets/ui/fonts/lucida_console.ttf
18:42:48.167 [FXGL Launcher Thread     ] DEBUG AssetLoader          - Loading from disk: /assets/ui/css/fxgl_dark.css
18:42:48.168 [FXGL Launcher Thread     ] DEBUG AssetLoader          - Loading from disk: /assets/ui/icons/fxgl_icon.png
18:42:48.188 [FXGL Launcher Thread     ] DEBUG AssetLoader          - Loading from disk: /assets/ui/cursors/fxgl_default.png
18:42:48.209 [FXGL Launcher Thread     ] DEBUG FXGL.GameScene       - Game scene initialized: 800x600
18:42:48.212 [FXGL Launcher Thread     ] DEBUG FXGL.GameWorld       - Game world initialized
18:42:48.274 [FXGL Launcher Thread     ] DEBUG PhysicsWorld         - Physics world initialized: appHeight=600, physics.ppm=50.0
18:42:48.277 [FXGL Launcher Thread     ] DEBUG Input                - Registered new binding: Pause - Esc
18:42:48.293 [FXGL Launcher Thread     ] INFO  GameApplication      - Game configuration took:  0.264 sec
18:42:48.294 [JavaFX Application Thread] DEBUG MainWindow           - Opening main window
18:42:48.334 [JavaFX Application Thread] DEBUG MainWindow           - Window border size: (0.0, 22.0)
18:42:48.334 [JavaFX Application Thread] DEBUG MainWindow           - Scaled size: 800.0 x 600.0
18:42:48.334 [JavaFX Application Thread] DEBUG MainWindow           - Scaled ratio: (1.0, 1.0)
18:42:48.334 [JavaFX Application Thread] DEBUG MainWindow           - Scene size: 800.0 x 600.0
18:42:48.334 [JavaFX Application Thread] DEBUG MainWindow           - Stage size: 800.0 x 622.0
18:42:48.334 [JavaFX Application Thread] DEBUG GameApplication      - Running preInit()
18:42:48.336 [JavaFX Application Thread] DEBUG AnnotationParser     - Main app package name: com.erikseguinte.brickBreaker
18:42:48.336 [JavaFX Application Thread] WARN  AnnotationParser     - brickBreakerApp has no package or contains uppercase letters. Disabling annotations processing
18:42:48.340 [JavaFX Application Thread] DEBUG Input                - Registered new binding: Screenshot - P
18:42:48.341 [JavaFX Application Thread] DEBUG Input                - Registered new binding: Dev Options - CTRL+0
18:42:48.341 [JavaFX Application Thread] DEBUG Input                - Registered new binding: Restart - CTRL+R
18:42:48.393 [JavaFX Application Thread] DEBUG GameApplication      - Starting main loop
18:42:48.411 [JavaFX Application Thread] DEBUG StartupState         - STARTUP
18:42:48.411 [JavaFX Application Thread] DEBUG GameApplication      - Starting new game
18:42:48.411 [JavaFX Application Thread] DEBUG Input                - Clearing active input actions
18:42:48.437 [JavaFX Application Thread] DEBUG AppStateMachine      - StartupState -> LoadingState
18:42:48.438 [JavaFX Application Thread] DEBUG AnnotationParser     - Main app package name: com.erikseguinte.brickBreaker
18:42:48.438 [JavaFX Application Thread] WARN  AnnotationParser     - brickBreakerApp has no package or contains uppercase letters. Disabling annotations processing
18:42:48.439 [JavaFX Application Thread] DEBUG InitAppTask          - Parsing annotations
18:42:48.442 [FXGL Background Thread 1 ] DEBUG InitAppTask          - Clearing previous game
18:42:48.442 [FXGL Background Thread 1 ] DEBUG FXGL.GameWorld       - Clearing game world
18:42:48.442 [FXGL Background Thread 1 ] DEBUG PhysicsWorld         - Clearing physics world
18:42:48.442 [FXGL Background Thread 1 ] DEBUG FXGL.GameScene       - Clearing game scene
18:42:48.443 [FXGL Background Thread 1 ] DEBUG InitAppTask          - Initializing Assets
18:42:48.443 [FXGL Background Thread 1 ] DEBUG InitAppTask          - Initializing Game
18:42:48.446 [FXGL Background Thread 1 ] DEBUG InitAppTask          - Initializing Physics
18:42:48.446 [FXGL Background Thread 1 ] DEBUG InitAppTask          - Initializing UI
18:42:48.446 [FXGL Background Thread 1 ] DEBUG InitAppTask          - Initialization Complete
18:42:48.447 [FXGL Background Thread 1 ] INFO  InitAppTask          - Game initialization took: 0.005 sec
18:42:48.489 [JavaFX Application Thread] DEBUG Input                - Clearing active input actions
18:42:48.496 [JavaFX Application Thread] DEBUG AppStateMachine      - LoadingState -> PlayState
18:42:53.208 [JavaFX Application Thread] DEBUG GameApplication      - Exiting game application
18:42:53.210 [JavaFX Application Thread] DEBUG GameApplication      - Shutting down background threads
18:42:53.211 [JavaFX Application Thread] DEBUG GameApplication      - Exiting FXGL
18:42:53.211 [JavaFX Application Thread] DEBUG FXGL                 - Saving FXGL system data
18:42:53.219 [JavaFX Application Thread] DEBUG IOTask               - Executing task: writeDataTask(system/fxgl.bundle)
18:42:53.222 [JavaFX Application Thread] DEBUG FS                   - Writing to: system/fxgl.bundle
18:42:53.229 [JavaFX Application Thread] DEBUG IOTask               - Task succeeded: writeDataTask(system/fxgl.bundle)
18:42:53.229 [JavaFX Application Thread] DEBUG GameApplication      - Closing logger and exiting JavaFX
